"C:\Program Files\Java\jdk-17\bin\java.exe" -Dmaven.multiModuleProjectDirectory=C:\Users\sanjana\Desktop\sanjana-adv-java-final-exam -Djansi.passthrough=true "-Dmaven.home=C:\Program Files\JetBrains\IntelliJ IDEA 2022.3.2\plugins\maven\lib\maven3" "-Dclassworlds.conf=C:\Program Files\JetBrains\IntelliJ IDEA 2022.3.2\plugins\maven\lib\maven3\bin\m2.conf" "-Dmaven.ext.class.path=C:\Program Files\JetBrains\IntelliJ IDEA 2022.3.2\plugins\maven\lib\maven-event-listener.jar" "-javaagent:C:\Program Files\JetBrains\IntelliJ IDEA 2022.3.2\lib\idea_rt.jar=60131:C:\Program Files\JetBrains\IntelliJ IDEA 2022.3.2\bin" -Dfile.encoding=UTF-8 -classpath "C:\Program Files\JetBrains\IntelliJ IDEA 2022.3.2\plugins\maven\lib\maven3\boot\plexus-classworlds-2.6.0.jar;C:\Program Files\JetBrains\IntelliJ IDEA 2022.3.2\plugins\maven\lib\maven3\boot\plexus-classworlds.license" org.codehaus.classworlds.Launcher -Didea.version=2022.3.3 install
[INFO] Scanning for projects...
[INFO] ------------------------------------------------------------------------
[INFO] Reactor Build Order:
[INFO]
[INFO] sanjana-adv-java-final-exam                                        [pom]
[INFO] adv-java-microservice                                              [jar]
[INFO] adv-java-coredata                                                  [jar]
[INFO]
[INFO] --------------< org.example:sanjana-adv-java-final-exam >---------------
[INFO] Building sanjana-adv-java-final-exam 1.0-SNAPSHOT                  [1/3]
[INFO] --------------------------------[ pom ]---------------------------------
[INFO]
[INFO] --- maven-install-plugin:2.4:install (default-install) @ sanjana-adv-java-final-exam ---
[INFO] Installing C:\Users\sanjana\Desktop\sanjana-adv-java-final-exam\pom.xml to C:\Users\sanjana\.m2\repository\org\example\sanjana-adv-java-final-exam\1.0-SNAPSHOT\sanjana-adv-java-final-exam-1.0-SNAPSHOT.pom
[INFO]
[INFO] -----------------< org.example:adv-java-microservice >------------------
[INFO] Building adv-java-microservice 1.0-SNAPSHOT                        [2/3]
[INFO] --------------------------------[ jar ]---------------------------------
[INFO]
[INFO] --- maven-resources-plugin:2.6:resources (default-resources) @ adv-java-microservice ---
[INFO] Using 'UTF-8' encoding to copy filtered resources.
[INFO] Copying 0 resource
[INFO]
[INFO] --- maven-compiler-plugin:3.1:compile (default-compile) @ adv-java-microservice ---
[INFO] Changes detected - recompiling the module!
[INFO] Compiling 1 source file to C:\Users\sanjana\Desktop\sanjana-adv-java-final-exam\adv-java-microservice\target\classes
[INFO]
[INFO] --- maven-resources-plugin:2.6:testResources (default-testResources) @ adv-java-microservice ---
[INFO] Using 'UTF-8' encoding to copy filtered resources.
[INFO] skip non existing resourceDirectory C:\Users\sanjana\Desktop\sanjana-adv-java-final-exam\adv-java-microservice\src\test\resources
[INFO]
[INFO] --- maven-compiler-plugin:3.1:testCompile (default-testCompile) @ adv-java-microservice ---
[INFO] Nothing to compile - all classes are up to date
[INFO]
[INFO] --- maven-surefire-plugin:2.12.4:test (default-test) @ adv-java-microservice ---
[INFO] No tests to run.
[INFO]
[INFO] --- maven-jar-plugin:2.4:jar (default-jar) @ adv-java-microservice ---
[INFO] Building jar: C:\Users\sanjana\Desktop\sanjana-adv-java-final-exam\adv-java-microservice\target\adv-java-microservice-1.0-SNAPSHOT.jar
[INFO]
[INFO] --- maven-install-plugin:2.4:install (default-install) @ adv-java-microservice ---
[INFO] Installing C:\Users\sanjana\Desktop\sanjana-adv-java-final-exam\adv-java-microservice\target\adv-java-microservice-1.0-SNAPSHOT.jar to C:\Users\sanjana\.m2\repository\org\example\adv-java-microservice\1.0-SNAPSHOT\adv-java-microservice-1.0-SNAPSHOT.jar
[INFO] Installing C:\Users\sanjana\Desktop\sanjana-adv-java-final-exam\adv-java-microservice\pom.xml to C:\Users\sanjana\.m2\repository\org\example\adv-java-microservice\1.0-SNAPSHOT\adv-java-microservice-1.0-SNAPSHOT.pom
[INFO]
[INFO] -------------------< org.example:adv-java-coredata >--------------------
[INFO] Building adv-java-coredata 1.0-SNAPSHOT                            [3/3]
[INFO] --------------------------------[ jar ]---------------------------------
[INFO]
[INFO] --- maven-resources-plugin:2.6:resources (default-resources) @ adv-java-coredata ---
[INFO] Using 'UTF-8' encoding to copy filtered resources.
[INFO] Copying 0 resource
[INFO]
[INFO] --- maven-compiler-plugin:3.1:compile (default-compile) @ adv-java-coredata ---
[INFO] Changes detected - recompiling the module!
[INFO] Compiling 1 source file to C:\Users\sanjana\Desktop\sanjana-adv-java-final-exam\adv-java-coredata\target\classes
[INFO]
[INFO] --- maven-resources-plugin:2.6:testResources (default-testResources) @ adv-java-coredata ---
[INFO] Using 'UTF-8' encoding to copy filtered resources.
[INFO] skip non existing resourceDirectory C:\Users\sanjana\Desktop\sanjana-adv-java-final-exam\adv-java-coredata\src\test\resources
[INFO]
[INFO] --- maven-compiler-plugin:3.1:testCompile (default-testCompile) @ adv-java-coredata ---
[INFO] Nothing to compile - all classes are up to date
[INFO]
[INFO] --- maven-surefire-plugin:2.12.4:test (default-test) @ adv-java-coredata ---
[INFO] No tests to run.
[INFO]
[INFO] --- maven-jar-plugin:2.4:jar (default-jar) @ adv-java-coredata ---
[INFO] Building jar: C:\Users\sanjana\Desktop\sanjana-adv-java-final-exam\adv-java-coredata\target\adv-java-coredata-1.0-SNAPSHOT.jar
[INFO]
[INFO] --- maven-install-plugin:2.4:install (default-install) @ adv-java-coredata ---
[INFO] Installing C:\Users\sanjana\Desktop\sanjana-adv-java-final-exam\adv-java-coredata\target\adv-java-coredata-1.0-SNAPSHOT.jar to C:\Users\sanjana\.m2\repository\org\example\adv-java-coredata\1.0-SNAPSHOT\adv-java-coredata-1.0-SNAPSHOT.jar
[INFO] Installing C:\Users\sanjana\Desktop\sanjana-adv-java-final-exam\adv-java-coredata\pom.xml to C:\Users\sanjana\.m2\repository\org\example\adv-java-coredata\1.0-SNAPSHOT\adv-java-coredata-1.0-SNAPSHOT.pom
[INFO] ------------------------------------------------------------------------
[INFO] Reactor Summary for sanjana-adv-java-final-exam 1.0-SNAPSHOT:
[INFO]
[INFO] sanjana-adv-java-final-exam ........................ SUCCESS [  0.264 s]
[INFO] adv-java-microservice .............................. SUCCESS [  2.597 s]
[INFO] adv-java-coredata .................................. SUCCESS [  0.714 s]
[INFO] ------------------------------------------------------------------------
[INFO] BUILD SUCCESS
[INFO] ------------------------------------------------------------------------
[INFO] Total time:  3.696 s
[INFO] Finished at: 2023-07-04T00:09:31+02:00
[INFO] ------------------------------------------------------------------------

Process finished with exit code 0